<?xml version="1.0" encoding="UTF-8"?>
<!-- Generated by org.testng.reporters.JUnitXMLReporter -->
<testsuite ignored="0" hostname="HC-G7Y90D4" failures="0" tests="2" name="Default test" time="13.459" errors="0" timestamp="2025-12-29T22:49:21 IST">
  <testcase classname="io.cucumber.testng.AbstractTestNGCucumberTests" name="runScenario" time="4.101"/>
  <testcase classname="io.cucumber.testng.AbstractTestNGCucumberTests" name="runScenario" time="12.989"/>
</testsuite> <!-- Default test -->
