<?xml version="1.0" encoding="UTF-8"?>
<!-- Generated by org.testng.reporters.JUnitReportReporter -->
<testsuite hostname="Home-PC" failures="0" tests="2" name="cucumber.TestNGTestRunner" time="0.306" errors="2" timestamp="2025-12-30T20:37:21 IST" skipped="0">
  <testcase classname="cucumber.TestNGTestRunner" name="runScenario" time="0.153">
    <error message="Unable to obtain: chromedriver, error chromedriver must exist: C:\Users\550022867\OneDrive - GE HealthCare\Documents\chromedriver-win64\chromedriver.exe
For documentation on this error, please visit: https://www.selenium.dev/documentation/webdriver/troubleshooting/errors/driver_location/
Build info: version: &#039;4.39.0&#039;, revision: &#039;126f156aee&#039;
System info: os.name: &#039;Windows 10&#039;, os.arch: &#039;amd64&#039;, os.version: &#039;10.0&#039;, java.version: &#039;21.0.9&#039;
Driver info: driver.version: ChromeDriver" type="org.openqa.selenium.remote.NoSuchDriverException">
      <![CDATA[org.openqa.selenium.remote.NoSuchDriverException: Unable to obtain: chromedriver, error chromedriver must exist: C:\Users\550022867\OneDrive - GE HealthCare\Documents\chromedriver-win64\chromedriver.exe
For documentation on this error, please visit: https://www.selenium.dev/documentation/webdriver/troubleshooting/errors/driver_location/
Build info: version: '4.39.0', revision: '126f156aee'
System info: os.name: 'Windows 10', os.arch: 'amd64', os.version: '10.0', java.version: '21.0.9'
Driver info: driver.version: ChromeDriver
at org.openqa.selenium.remote.service.DriverFinder.getBinaryPaths(DriverFinder.java:124)
at org.openqa.selenium.remote.service.DriverFinder.getDriverPath(DriverFinder.java:55)
at org.openqa.selenium.chrome.ChromeDriver.generateExecutor(ChromeDriver.java:99)
at org.openqa.selenium.chrome.ChromeDriver.<init>(ChromeDriver.java:88)
at org.openqa.selenium.chrome.ChromeDriver.<init>(ChromeDriver.java:83)
at org.openqa.selenium.chrome.ChromeDriver.<init>(ChromeDriver.java:72)
at javaseleniumlearning.TestComponents.BaseTest.initializeDriver(BaseTest.java:53)
at javaseleniumlearning.TestComponents.BaseTest.launchApplication(BaseTest.java:76)
at javaseleniumlearning.stepDefinitions.StepDefinitionImpl.claunchApplication(StepDefinitionImpl.java:39)
Caused by: java.lang.IllegalStateException: chromedriver must exist: C:\Users\550022867\OneDrive - GE HealthCare\Documents\chromedriver-win64\chromedriver.exe
at org.openqa.selenium.internal.Require$PathStateChecker.isExecutable(Require.java:370)
at org.openqa.selenium.remote.service.DriverFinder.getBinaryPaths(DriverFinder.java:121)
... 8 more
]]>
    </error>
  </testcase> <!-- runScenario -->
  <testcase classname="cucumber.TestNGTestRunner" name="runScenario" time="0.153">
    <error message="Unable to obtain: chromedriver, error chromedriver must exist: C:\Users\550022867\OneDrive - GE HealthCare\Documents\chromedriver-win64\chromedriver.exe
For documentation on this error, please visit: https://www.selenium.dev/documentation/webdriver/troubleshooting/errors/driver_location/
Build info: version: &#039;4.39.0&#039;, revision: &#039;126f156aee&#039;
System info: os.name: &#039;Windows 10&#039;, os.arch: &#039;amd64&#039;, os.version: &#039;10.0&#039;, java.version: &#039;21.0.9&#039;
Driver info: driver.version: ChromeDriver" type="org.openqa.selenium.remote.NoSuchDriverException">
      <![CDATA[org.openqa.selenium.remote.NoSuchDriverException: Unable to obtain: chromedriver, error chromedriver must exist: C:\Users\550022867\OneDrive - GE HealthCare\Documents\chromedriver-win64\chromedriver.exe
For documentation on this error, please visit: https://www.selenium.dev/documentation/webdriver/troubleshooting/errors/driver_location/
Build info: version: '4.39.0', revision: '126f156aee'
System info: os.name: 'Windows 10', os.arch: 'amd64', os.version: '10.0', java.version: '21.0.9'
Driver info: driver.version: ChromeDriver
at org.openqa.selenium.remote.service.DriverFinder.getBinaryPaths(DriverFinder.java:124)
at org.openqa.selenium.remote.service.DriverFinder.getDriverPath(DriverFinder.java:55)
at org.openqa.selenium.chrome.ChromeDriver.generateExecutor(ChromeDriver.java:99)
at org.openqa.selenium.chrome.ChromeDriver.<init>(ChromeDriver.java:88)
at org.openqa.selenium.chrome.ChromeDriver.<init>(ChromeDriver.java:83)
at org.openqa.selenium.chrome.ChromeDriver.<init>(ChromeDriver.java:72)
at javaseleniumlearning.TestComponents.BaseTest.initializeDriver(BaseTest.java:53)
at javaseleniumlearning.TestComponents.BaseTest.launchApplication(BaseTest.java:76)
at javaseleniumlearning.stepDefinitions.StepDefinitionImpl.claunchApplication(StepDefinitionImpl.java:39)
Caused by: java.lang.IllegalStateException: chromedriver must exist: C:\Users\550022867\OneDrive - GE HealthCare\Documents\chromedriver-win64\chromedriver.exe
at org.openqa.selenium.internal.Require$PathStateChecker.isExecutable(Require.java:370)
at org.openqa.selenium.remote.service.DriverFinder.getBinaryPaths(DriverFinder.java:121)
... 8 more
]]>
    </error>
  </testcase> <!-- runScenario -->
</testsuite> <!-- cucumber.TestNGTestRunner -->
